<?xml version="1.0" encoding="UTF-8"?>
<testng-results ignored="0" total="1" passed="1" failed="0" skipped="0">
  <reporter-output>
  </reporter-output>
  <suite started-at="2023-09-25T11:25:44 IST" name="Suite" finished-at="2023-09-25T11:25:47 IST" duration-ms="2410">
    <groups>
    </groups>
    <test started-at="2023-09-25T11:25:44 IST" name="Test" finished-at="2023-09-25T11:25:47 IST" duration-ms="2410">
      <class name="practise.Test">
        <test-method signature="ChromeRunner()[pri:0, instance:practise.Test@192d43ce]" started-at="2023-09-25T11:25:45 IST" name="ChromeRunner" finished-at="2023-09-25T11:25:47 IST" duration-ms="2362" status="PASS">
          <reporter-output>
          </reporter-output>
        </test-method> <!-- ChromeRunner -->
      </class> <!-- practise.Test -->
    </test> <!-- Test -->
  </suite> <!-- Suite -->
</testng-results>
