<?xml version="1.0" encoding="UTF-8"?>
<testng-results ignored="0" total="1" passed="1" failed="0" skipped="0">
  <reporter-output>
  </reporter-output>
  <suite started-at="2023-03-02T12:25:47 IST" name="Default suite" finished-at="2023-03-02T12:26:10 IST" duration-ms="22340">
    <groups>
    </groups>
    <test started-at="2023-03-02T12:25:47 IST" name="Default test" finished-at="2023-03-02T12:26:10 IST" duration-ms="22340">
      <class name="practise.crmBot">
        <test-method is-config="true" signature="setUp()[pri:0, instance:practise.crmBot@4fb0f2b9]" started-at="2023-03-02T12:25:47 IST" name="setUp" finished-at="2023-03-02T12:25:49 IST" duration-ms="1419" status="PASS">
          <reporter-output>
          </reporter-output>
        </test-method> <!-- setUp -->
        <test-method signature="Tester()[pri:0, instance:practise.crmBot@4fb0f2b9]" started-at="2023-03-02T12:25:49 IST" name="Tester" finished-at="2023-03-02T12:25:59 IST" duration-ms="10611" status="PASS">
          <reporter-output>
          </reporter-output>
        </test-method> <!-- Tester -->
        <test-method is-config="true" signature="tearDown()[pri:0, instance:practise.crmBot@4fb0f2b9]" started-at="2023-03-02T12:25:59 IST" name="tearDown" finished-at="2023-03-02T12:26:10 IST" duration-ms="10261" status="PASS">
          <reporter-output>
          </reporter-output>
        </test-method> <!-- tearDown -->
      </class> <!-- practise.crmBot -->
    </test> <!-- Default test -->
  </suite> <!-- Default suite -->
</testng-results>
